# JRE version: Java(TM) SE Runtime Environment (8.0_51-b16) (build 1.8.0_51-b16)
# Java VM: Java HotSpot(TM) 64-Bit Server VM (25.51-b03 mixed mode windows-amd64 compressed oops)
Heap:
 PSYoungGen      total 289280K, used 144932K [0x00000000eab00000, 0x0000000100000000, 0x0000000100000000)
  eden space 253952K, 48% used [0x00000000eab00000,0x00000000f2323c68,0x00000000fa300000)
  from space 35328K, 62% used [0x00000000fa300000,0x00000000fb865740,0x00000000fc580000)
  to   space 52736K, 0% used [0x00000000fcc80000,0x00000000fcc80000,0x0000000100000000)
 ParOldGen       total 166400K, used 87258K [0x00000000c0000000, 0x00000000ca280000, 0x00000000eab00000)
  object space 166400K, 52% used [0x00000000c0000000,0x00000000c55369d0,0x00000000ca280000)
 Metaspace       used 6466K, capacity 7288K, committed 7552K, reserved 1056768K
  class space    used 611K, capacity 624K, committed 640K, reserved 1048576K
GC Heap History (10 events):
Event: 2.652 GC heap before
{Heap before GC invocations=6 (full 0):
 PSYoungGen      total 71680K, used 71662K [0x00000000eab00000, 0x00000000f4c00000, 0x0000000100000000)
  eden space 66560K, 100% used [0x00000000eab00000,0x00000000eec00000,0x00000000eec00000)
  from space 5120K, 99% used [0x00000000eec00000,0x00000000ef0fbb60,0x00000000ef100000)
  to   space 15872K, 0% used [0x00000000f3c80000,0x00000000f3c80000,0x00000000f4c00000)
 ParOldGen       total 87552K, used 28430K [0x00000000c0000000, 0x00000000c5580000, 0x00000000eab00000)
  object space 87552K, 32% used [0x00000000c0000000,0x00000000c1bc3828,0x00000000c5580000)
 Metaspace       used 6383K, capacity 7224K, committed 7296K, reserved 1056768K
  class space    used 610K, capacity 624K, committed 640K, reserved 1048576K
Event: 2.680 GC heap after
Heap after GC invocations=6 (full 0):
 PSYoungGen      total 146944K, used 15444K [0x00000000eab00000, 0x00000000f5000000, 0x0000000100000000)
  eden space 131072K, 0% used [0x00000000eab00000,0x00000000eab00000,0x00000000f2b00000)
  from space 15872K, 97% used [0x00000000f3c80000,0x00000000f4b95240,0x00000000f4c00000)
  to   space 17920K, 0% used [0x00000000f2b00000,0x00000000f2b00000,0x00000000f3c80000)
 ParOldGen       total 87552K, used 28430K [0x00000000c0000000, 0x00000000c5580000, 0x00000000eab00000)
  object space 87552K, 32% used [0x00000000c0000000,0x00000000c1bc3828,0x00000000c5580000)
 Metaspace       used 6383K, capacity 7224K, committed 7296K, reserved 1056768K
  class space    used 610K, capacity 624K, committed 640K, reserved 1048576K
}
Event: 3.225 GC heap before
{Heap before GC invocations=7 (full 0):
 PSYoungGen      total 146944K, used 146516K [0x00000000eab00000, 0x00000000f5000000, 0x0000000100000000)
  eden space 131072K, 100% used [0x00000000eab00000,0x00000000f2b00000,0x00000000f2b00000)
  from space 15872K, 97% used [0x00000000f3c80000,0x00000000f4b95240,0x00000000f4c00000)
  to   space 17920K, 0% used [0x00000000f2b00000,0x00000000f2b00000,0x00000000f3c80000)
 ParOldGen       total 87552K, used 28430K [0x00000000c0000000, 0x00000000c5580000, 0x00000000eab00000)
  object space 87552K, 32% used [0x00000000c0000000,0x00000000c1bc3828,0x00000000c5580000)
 Metaspace       used 6393K, capacity 7224K, committed 7296K, reserved 1056768K
  class space    used 610K, capacity 624K, committed 640K, reserved 1048576K
Event: 3.277 GC heap after
Heap after GC invocations=7 (full 0):
 PSYoungGen      total 148992K, used 17913K [0x00000000eab00000, 0x00000000fe000000, 0x0000000100000000)
  eden space 131072K, 0% used [0x00000000eab00000,0x00000000eab00000,0x00000000f2b00000)
  from space 17920K, 99% used [0x00000000f2b00000,0x00000000f3c7e550,0x00000000f3c80000)
  to   space 27136K, 0% used [0x00000000fc580000,0x00000000fc580000,0x00000000fe000000)
 ParOldGen       total 87552K, used 42174K [0x00000000c0000000, 0x00000000c5580000, 0x00000000eab00000)
  object space 87552K, 48% used [0x00000000c0000000,0x00000000c292fb40,0x00000000c5580000)
 Metaspace       used 6393K, capacity 7224K, committed 7296K, reserved 1056768K
  class space    used 610K, capacity 624K, committed 640K, reserved 1048576K
}
Event: 3.867 GC heap before
{Heap before GC invocations=8 (full 0):
 PSYoungGen      total 148992K, used 148985K [0x00000000eab00000, 0x00000000fe000000, 0x0000000100000000)
  eden space 131072K, 100% used [0x00000000eab00000,0x00000000f2b00000,0x00000000f2b00000)
  from space 17920K, 99% used [0x00000000f2b00000,0x00000000f3c7e550,0x00000000f3c80000)
  to   space 27136K, 0% used [0x00000000fc580000,0x00000000fc580000,0x00000000fe000000)
 ParOldGen       total 87552K, used 42174K [0x00000000c0000000, 0x00000000c5580000, 0x00000000eab00000)
  object space 87552K, 48% used [0x00000000c0000000,0x00000000c292fb40,0x00000000c5580000)
 Metaspace       used 6427K, capacity 7224K, committed 7296K, reserved 1056768K
  class space    used 611K, capacity 624K, committed 640K, reserved 1048576K
Event: 3.943 GC heap after
Heap after GC invocations=8 (full 0):
 PSYoungGen      total 281088K, used 27118K [0x00000000eab00000, 0x00000000ff000000, 0x0000000100000000)
  eden space 253952K, 0% used [0x00000000eab00000,0x00000000eab00000,0x00000000fa300000)
  from space 27136K, 99% used [0x00000000fc580000,0x00000000fdffbb40,0x00000000fe000000)
  to   space 35328K, 0% used [0x00000000fa300000,0x00000000fa300000,0x00000000fc580000)
 ParOldGen       total 87552K, used 51988K [0x00000000c0000000, 0x00000000c5580000, 0x00000000eab00000)
  object space 87552K, 59% used [0x00000000c0000000,0x00000000c32c50f8,0x00000000c5580000)
 Metaspace       used 6427K, capacity 7224K, committed 7296K, reserved 1056768K
  class space    used 611K, capacity 624K, committed 640K, reserved 1048576K
}
Event: 5.046 GC heap before
{Heap before GC invocations=9 (full 0):
 PSYoungGen      total 281088K, used 281070K [0x00000000eab00000, 0x00000000ff000000, 0x0000000100000000)
  eden space 253952K, 100% used [0x00000000eab00000,0x00000000fa300000,0x00000000fa300000)
  from space 27136K, 99% used [0x00000000fc580000,0x00000000fdffbb40,0x00000000fe000000)
  to   space 35328K, 0% used [0x00000000fa300000,0x00000000fa300000,0x00000000fc580000)
 ParOldGen       total 87552K, used 51988K [0x00000000c0000000, 0x00000000c5580000, 0x00000000eab00000)
  object space 87552K, 59% used [0x00000000c0000000,0x00000000c32c50f8,0x00000000c5580000)
 Metaspace       used 6454K, capacity 7288K, committed 7552K, reserved 1056768K
  class space    used 611K, capacity 624K, committed 640K, reserved 1048576K
Event: 5.140 GC heap after
Heap after GC invocations=9 (full 0):
 PSYoungGen      total 289280K, used 35320K [0x00000000eab00000, 0x0000000100000000, 0x0000000100000000)
  eden space 253952K, 0% used [0x00000000eab00000,0x00000000eab00000,0x00000000fa300000)
  from space 35328K, 99% used [0x00000000fa300000,0x00000000fc57e040,0x00000000fc580000)
  to   space 52736K, 0% used [0x00000000fcc80000,0x00000000fcc80000,0x0000000100000000)
 ParOldGen       total 87552K, used 81957K [0x00000000c0000000, 0x00000000c5580000, 0x00000000eab00000)
  object space 87552K, 93% used [0x00000000c0000000,0x00000000c5009610,0x00000000c5580000)
 Metaspace       used 6454K, capacity 7288K, committed 7552K, reserved 1056768K
  class space    used 611K, capacity 624K, committed 640K, reserved 1048576K
}
Event: 5.140 GC heap before
{Heap before GC invocations=10 (full 1):
 PSYoungGen      total 289280K, used 35320K [0x00000000eab00000, 0x0000000100000000, 0x0000000100000000)
  eden space 253952K, 0% used [0x00000000eab00000,0x00000000eab00000,0x00000000fa300000)
  from space 35328K, 99% used [0x00000000fa300000,0x00000000fc57e040,0x00000000fc580000)
  to   space 52736K, 0% used [0x00000000fcc80000,0x00000000fcc80000,0x0000000100000000)
 ParOldGen       total 87552K, used 81957K [0x00000000c0000000, 0x00000000c5580000, 0x00000000eab00000)
  object space 87552K, 93% used [0x00000000c0000000,0x00000000c5009610,0x00000000c5580000)
 Metaspace       used 6454K, capacity 7288K, committed 7552K, reserved 1056768K
  class space    used 611K, capacity 624K, committed 640K, reserved 1048576K
Event: 6.138 GC heap after
Heap after GC invocations=10 (full 1):
 PSYoungGen      total 289280K, used 21909K [0x00000000eab00000, 0x0000000100000000, 0x0000000100000000)
  eden space 253952K, 0% used [0x00000000eab00000,0x00000000eab00000,0x00000000fa300000)
  from space 35328K, 62% used [0x00000000fa300000,0x00000000fb865740,0x00000000fc580000)
  to   space 52736K, 0% used [0x00000000fcc80000,0x00000000fcc80000,0x0000000100000000)
 ParOldGen       total 166400K, used 87258K [0x00000000c0000000, 0x00000000ca280000, 0x00000000eab00000)
  object space 166400K, 52% used [0x00000000c0000000,0x00000000c55369d0,0x00000000ca280000)
 Metaspace       used 6454K, capacity 7288K, committed 7552K, reserved 1056768K
  class space    used 611K, capacity 624K, committed 640K, reserved 1048576K
}

